{"C:\\Users\\Dell\\Desktop\\Assignment\\server\\index.js": {"path":"C:\\Users\\Dell\\Desktop\\Assignment\\server\\index.js","statementMap":{"0":{"start":{"line":1,"column":16},"end":{"line":1,"column":34}},"1":{"start":{"line":2,"column":18},"end":{"line":2,"column":40}},"2":{"start":{"line":3,"column":21},"end":{"line":3,"column":45}},"3":{"start":{"line":4,"column":13},"end":{"line":4,"column":28}},"4":{"start":{"line":5,"column":15},"end":{"line":5,"column":32}},"5":{"start":{"line":6,"column":15},"end":{"line":6,"column":47}},"6":{"start":{"line":8,"column":0},"end":{"line":8,"column":16}},"7":{"start":{"line":10,"column":12},"end":{"line":10,"column":21}},"8":{"start":{"line":11,"column":0},"end":{"line":11,"column":24}},"9":{"start":{"line":12,"column":0},"end":{"line":12,"column":24}},"10":{"start":{"line":13,"column":0},"end":{"line":13,"column":16}},"11":{"start":{"line":15,"column":0},"end":{"line":15,"column":12}},"12":{"start":{"line":17,"column":0},"end":{"line":19,"column":3}},"13":{"start":{"line":18,"column":4},"end":{"line":18,"column":34}},"14":{"start":{"line":20,"column":0},"end":{"line":20,"column":21}},"15":{"start":{"line":23,"column":0},"end":{"line":26,"column":1}},"16":{"start":{"line":24,"column":17},"end":{"line":24,"column":41}},"17":{"start":{"line":25,"column":4},"end":{"line":25,"column":74}},"18":{"start":{"line":25,"column":27},"end":{"line":25,"column":72}},"19":{"start":{"line":28,"column":0},"end":{"line":28,"column":21}}},"fnMap":{"0":{"name":"(anonymous_0)","decl":{"start":{"line":17,"column":13},"end":{"line":17,"column":14}},"loc":{"start":{"line":17,"column":27},"end":{"line":19,"column":1}},"line":17},"1":{"name":"(anonymous_1)","decl":{"start":{"line":25,"column":21},"end":{"line":25,"column":22}},"loc":{"start":{"line":25,"column":27},"end":{"line":25,"column":72}},"line":25}},"branchMap":{"0":{"loc":{"start":{"line":23,"column":0},"end":{"line":26,"column":1}},"type":"if","locations":[{"start":{"line":23,"column":0},"end":{"line":26,"column":1}},{"start":{},"end":{}}],"line":23},"1":{"loc":{"start":{"line":24,"column":17},"end":{"line":24,"column":41}},"type":"binary-expr","locations":[{"start":{"line":24,"column":17},"end":{"line":24,"column":33}},{"start":{"line":24,"column":37},"end":{"line":24,"column":41}}],"line":24}},"s":{"0":1,"1":1,"2":1,"3":1,"4":1,"5":1,"6":1,"7":1,"8":1,"9":1,"10":1,"11":1,"12":1,"13":0,"14":1,"15":1,"16":0,"17":0,"18":0,"19":1},"f":{"0":0,"1":0},"b":{"0":[0,1],"1":[0,0]},"inputSourceMap":null,"_coverageSchema":"1a1c01bbd47fc00a2c39e90264f33305004495a9","hash":"73339c7a4886c8198431161f2c4243ea763495dc"}
,"C:\\Users\\Dell\\Desktop\\Assignment\\server\\config\\db.js": {"path":"C:\\Users\\Dell\\Desktop\\Assignment\\server\\config\\db.js","statementMap":{"0":{"start":{"line":1,"column":17},"end":{"line":1,"column":36}},"1":{"start":{"line":3,"column":18},"end":{"line":3,"column":23}},"2":{"start":{"line":5,"column":18},"end":{"line":27,"column":1}},"3":{"start":{"line":6,"column":4},"end":{"line":26,"column":5}},"4":{"start":{"line":7,"column":8},"end":{"line":10,"column":9}},"5":{"start":{"line":8,"column":12},"end":{"line":8,"column":56}},"6":{"start":{"line":9,"column":12},"end":{"line":9,"column":19}},"7":{"start":{"line":12,"column":8},"end":{"line":15,"column":9}},"8":{"start":{"line":13,"column":12},"end":{"line":13,"column":64}},"9":{"start":{"line":14,"column":12},"end":{"line":14,"column":19}},"10":{"start":{"line":17,"column":8},"end":{"line":20,"column":11}},"11":{"start":{"line":22,"column":8},"end":{"line":22,"column":54}},"12":{"start":{"line":24,"column":8},"end":{"line":24,"column":58}},"13":{"start":{"line":25,"column":8},"end":{"line":25,"column":24}},"14":{"start":{"line":29,"column":0},"end":{"line":29,"column":27}}},"fnMap":{"0":{"name":"(anonymous_0)","decl":{"start":{"line":5,"column":18},"end":{"line":5,"column":19}},"loc":{"start":{"line":5,"column":30},"end":{"line":27,"column":1}},"line":5}},"branchMap":{"0":{"loc":{"start":{"line":7,"column":8},"end":{"line":10,"column":9}},"type":"if","locations":[{"start":{"line":7,"column":8},"end":{"line":10,"column":9}},{"start":{},"end":{}}],"line":7},"1":{"loc":{"start":{"line":12,"column":8},"end":{"line":15,"column":9}},"type":"if","locations":[{"start":{"line":12,"column":8},"end":{"line":15,"column":9}},{"start":{},"end":{}}],"line":12}},"s":{"0":1,"1":1,"2":1,"3":1,"4":1,"5":0,"6":0,"7":1,"8":0,"9":0,"10":1,"11":1,"12":0,"13":0,"14":1},"f":{"0":1},"b":{"0":[0,1],"1":[0,1]},"inputSourceMap":null,"_coverageSchema":"1a1c01bbd47fc00a2c39e90264f33305004495a9","hash":"b31a936850b16aaef06d90e74cd3150b781da3b1"}
,"C:\\Users\\Dell\\Desktop\\Assignment\\server\\controller\\couponController.js": {"path":"C:\\Users\\Dell\\Desktop\\Assignment\\server\\controller\\couponController.js","statementMap":{"0":{"start":{"line":1,"column":15},"end":{"line":1,"column":42}},"1":{"start":{"line":3,"column":22},"end":{"line":3,"column":31}},"2":{"start":{"line":4,"column":19},"end":{"line":4,"column":28}},"3":{"start":{"line":11,"column":22},"end":{"line":54,"column":1}},"4":{"start":{"line":12,"column":19},"end":{"line":12,"column":77}},"5":{"start":{"line":14,"column":4},"end":{"line":16,"column":5}},"6":{"start":{"line":15,"column":8},"end":{"line":15,"column":100}},"7":{"start":{"line":18,"column":4},"end":{"line":18,"column":27}},"8":{"start":{"line":19,"column":4},"end":{"line":53,"column":5}},"9":{"start":{"line":20,"column":26},"end":{"line":20,"column":89}},"10":{"start":{"line":22,"column":8},"end":{"line":34,"column":9}},"11":{"start":{"line":23,"column":32},"end":{"line":23,"column":64}},"12":{"start":{"line":24,"column":34},"end":{"line":24,"column":61}},"13":{"start":{"line":26,"column":12},"end":{"line":33,"column":13}},"14":{"start":{"line":27,"column":16},"end":{"line":32,"column":19}},"15":{"start":{"line":36,"column":23},"end":{"line":40,"column":9}},"16":{"start":{"line":42,"column":8},"end":{"line":44,"column":9}},"17":{"start":{"line":43,"column":12},"end":{"line":43,"column":94}},"18":{"start":{"line":46,"column":8},"end":{"line":46,"column":81}},"19":{"start":{"line":47,"column":8},"end":{"line":47,"column":117}},"20":{"start":{"line":49,"column":8},"end":{"line":49,"column":45}},"21":{"start":{"line":50,"column":8},"end":{"line":50,"column":90}},"22":{"start":{"line":52,"column":8},"end":{"line":52,"column":34}},"23":{"start":{"line":105,"column":22},"end":{"line":113,"column":1}},"24":{"start":{"line":106,"column":4},"end":{"line":112,"column":5}},"25":{"start":{"line":107,"column":24},"end":{"line":107,"column":43}},"26":{"start":{"line":108,"column":8},"end":{"line":108,"column":45}},"27":{"start":{"line":110,"column":8},"end":{"line":110,"column":56}},"28":{"start":{"line":111,"column":8},"end":{"line":111,"column":82}},"29":{"start":{"line":115,"column":0},"end":{"line":115,"column":50}}},"fnMap":{"0":{"name":"(anonymous_0)","decl":{"start":{"line":11,"column":22},"end":{"line":11,"column":23}},"loc":{"start":{"line":11,"column":42},"end":{"line":54,"column":1}},"line":11},"1":{"name":"(anonymous_1)","decl":{"start":{"line":105,"column":22},"end":{"line":105,"column":23}},"loc":{"start":{"line":105,"column":42},"end":{"line":113,"column":1}},"line":105}},"branchMap":{"0":{"loc":{"start":{"line":12,"column":19},"end":{"line":12,"column":77}},"type":"binary-expr","locations":[{"start":{"line":12,"column":19},"end":{"line":12,"column":49}},{"start":{"line":12,"column":53},"end":{"line":12,"column":77}}],"line":12},"1":{"loc":{"start":{"line":14,"column":4},"end":{"line":16,"column":5}},"type":"if","locations":[{"start":{"line":14,"column":4},"end":{"line":16,"column":5}},{"start":{},"end":{}}],"line":14},"2":{"loc":{"start":{"line":22,"column":8},"end":{"line":34,"column":9}},"type":"if","locations":[{"start":{"line":22,"column":8},"end":{"line":34,"column":9}},{"start":{},"end":{}}],"line":22},"3":{"loc":{"start":{"line":26,"column":12},"end":{"line":33,"column":13}},"type":"if","locations":[{"start":{"line":26,"column":12},"end":{"line":33,"column":13}},{"start":{},"end":{}}],"line":26},"4":{"loc":{"start":{"line":42,"column":8},"end":{"line":44,"column":9}},"type":"if","locations":[{"start":{"line":42,"column":8},"end":{"line":44,"column":9}},{"start":{},"end":{}}],"line":42}},"s":{"0":1,"1":1,"2":1,"3":1,"4":20,"5":20,"6":0,"7":20,"8":20,"9":20,"10":20,"11":0,"12":0,"13":0,"14":0,"15":20,"16":20,"17":4,"18":16,"19":16,"20":0,"21":0,"22":20,"23":1,"24":0,"25":0,"26":0,"27":0,"28":0,"29":1},"f":{"0":20,"1":0},"b":{"0":[20,0],"1":[0,20],"2":[0,20],"3":[0,0],"4":[4,16]},"inputSourceMap":null,"_coverageSchema":"1a1c01bbd47fc00a2c39e90264f33305004495a9","hash":"788b4ec59883241cc91b0e943764398d152fffc6"}
,"C:\\Users\\Dell\\Desktop\\Assignment\\server\\models\\coupon.js": {"path":"C:\\Users\\Dell\\Desktop\\Assignment\\server\\models\\coupon.js","statementMap":{"0":{"start":{"line":1,"column":18},"end":{"line":1,"column":38}},"1":{"start":{"line":3,"column":21},"end":{"line":7,"column":2}},"2":{"start":{"line":9,"column":15},"end":{"line":9,"column":54}},"3":{"start":{"line":11,"column":0},"end":{"line":11,"column":25}}},"fnMap":{},"branchMap":{},"s":{"0":1,"1":1,"2":1,"3":1},"f":{},"b":{},"inputSourceMap":null,"_coverageSchema":"1a1c01bbd47fc00a2c39e90264f33305004495a9","hash":"a0ac8f6b43e4718ea1bf00f6f9bd990a04dc220c"}
,"C:\\Users\\Dell\\Desktop\\Assignment\\server\\routes\\couponRoutes.js": {"path":"C:\\Users\\Dell\\Desktop\\Assignment\\server\\routes\\couponRoutes.js","statementMap":{"0":{"start":{"line":1,"column":16},"end":{"line":1,"column":34}},"1":{"start":{"line":2,"column":41},"end":{"line":2,"column":82}},"2":{"start":{"line":4,"column":15},"end":{"line":4,"column":31}},"3":{"start":{"line":6,"column":0},"end":{"line":6,"column":43}},"4":{"start":{"line":7,"column":0},"end":{"line":7,"column":41}},"5":{"start":{"line":9,"column":0},"end":{"line":9,"column":24}}},"fnMap":{},"branchMap":{},"s":{"0":1,"1":1,"2":1,"3":1,"4":1,"5":1},"f":{},"b":{},"inputSourceMap":null,"_coverageSchema":"1a1c01bbd47fc00a2c39e90264f33305004495a9","hash":"b798ce2c68895d985b5ae072a5103d6df697eaa7"}
}
