TN:
SF:index.js
FN:17,(anonymous_0)
FN:25,(anonymous_1)
FNF:2
FNH:0
FNDA:0,(anonymous_0)
FNDA:0,(anonymous_1)
DA:1,1
DA:2,1
DA:3,1
DA:4,1
DA:5,1
DA:6,1
DA:8,1
DA:10,1
DA:11,1
DA:12,1
DA:13,1
DA:15,1
DA:17,1
DA:18,0
DA:20,1
DA:23,1
DA:24,0
DA:25,0
DA:28,1
LF:19
LH:16
BRDA:23,0,0,0
BRDA:23,0,1,1
BRDA:24,1,0,0
BRDA:24,1,1,0
BRF:4
BRH:1
end_of_record
TN:
SF:config\db.js
FN:5,(anonymous_0)
FNF:1
FNH:1
FNDA:1,(anonymous_0)
DA:1,1
DA:3,1
DA:5,1
DA:6,1
DA:7,1
DA:8,0
DA:9,0
DA:12,1
DA:13,0
DA:14,0
DA:17,1
DA:22,1
DA:24,0
DA:25,0
DA:29,1
LF:15
LH:9
BRDA:7,0,0,0
BRDA:7,0,1,1
BRDA:12,1,0,0
BRDA:12,1,1,1
BRF:4
BRH:2
end_of_record
TN:
SF:controller\couponController.js
FN:11,(anonymous_0)
FN:105,(anonymous_1)
FNF:2
FNH:1
FNDA:20,(anonymous_0)
FNDA:0,(anonymous_1)
DA:1,1
DA:3,1
DA:4,1
DA:11,1
DA:12,20
DA:14,20
DA:15,0
DA:18,20
DA:19,20
DA:20,20
DA:22,20
DA:23,0
DA:24,0
DA:26,0
DA:27,0
DA:36,20
DA:42,20
DA:43,4
DA:46,16
DA:47,16
DA:49,0
DA:50,0
DA:52,20
DA:105,1
DA:106,0
DA:107,0
DA:108,0
DA:110,0
DA:111,0
DA:115,1
LF:30
LH:18
BRDA:12,0,0,20
BRDA:12,0,1,0
BRDA:14,1,0,0
BRDA:14,1,1,20
BRDA:22,2,0,0
BRDA:22,2,1,20
BRDA:26,3,0,0
BRDA:26,3,1,0
BRDA:42,4,0,4
BRDA:42,4,1,16
BRF:10
BRH:5
end_of_record
TN:
SF:models\coupon.js
FNF:0
FNH:0
DA:1,1
DA:3,1
DA:9,1
DA:11,1
LF:4
LH:4
BRF:0
BRH:0
end_of_record
TN:
SF:routes\couponRoutes.js
FNF:0
FNH:0
DA:1,1
DA:2,1
DA:4,1
DA:6,1
DA:7,1
DA:9,1
LF:6
LH:6
BRF:0
BRH:0
end_of_record
